<?xml version="1.0" encoding="UTF-8"?>
<testsuite name="top.leseul.springbootmybatisbase.MyTest" tests="1" skipped="0" failures="0" errors="0" timestamp="2018-10-30T08:43:42" hostname="DESKTOP-ME50KR6" time="1.585">
  <properties/>
  <testcase name="test" classname="top.leseul.springbootmybatisbase.MyTest" time="1.585"/>
  <system-out><![CDATA[16:43:31.180 [Test worker] DEBUG org.springframework.test.context.junit4.SpringJUnit4ClassRunner - SpringJUnit4ClassRunner constructor called with [class top.leseul.springbootmybatisbase.MyTest]
16:43:31.196 [Test worker] DEBUG org.springframework.test.context.BootstrapUtils - Instantiating CacheAwareContextLoaderDelegate from class [org.springframework.test.context.cache.DefaultCacheAwareContextLoaderDelegate]
16:43:31.227 [Test worker] DEBUG org.springframework.test.context.BootstrapUtils - Instantiating BootstrapContext using constructor [public org.springframework.test.context.support.DefaultBootstrapContext(java.lang.Class,org.springframework.test.context.CacheAwareContextLoaderDelegate)]
16:43:31.258 [Test worker] DEBUG org.springframework.test.context.BootstrapUtils - Instantiating TestContextBootstrapper for test class [top.leseul.springbootmybatisbase.MyTest] from class [org.springframework.boot.test.context.SpringBootTestContextBootstrapper]
16:43:31.305 [Test worker] INFO org.springframework.boot.test.context.SpringBootTestContextBootstrapper - Neither @ContextConfiguration nor @ContextHierarchy found for test class [top.leseul.springbootmybatisbase.MyTest], using SpringBootContextLoader
16:43:31.305 [Test worker] DEBUG org.springframework.test.context.support.AbstractContextLoader - Did not detect default resource location for test class [top.leseul.springbootmybatisbase.MyTest]: class path resource [top/leseul/springbootmybatisbase/MyTest-context.xml] does not exist
16:43:31.320 [Test worker] DEBUG org.springframework.test.context.support.AbstractContextLoader - Did not detect default resource location for test class [top.leseul.springbootmybatisbase.MyTest]: class path resource [top/leseul/springbootmybatisbase/MyTestContext.groovy] does not exist
16:43:31.320 [Test worker] INFO org.springframework.test.context.support.AbstractContextLoader - Could not detect default resource locations for test class [top.leseul.springbootmybatisbase.MyTest]: no resource found for suffixes {-context.xml, Context.groovy}.
16:43:31.430 [Test worker] DEBUG org.springframework.test.context.support.ActiveProfilesUtils - Could not find an 'annotation declaring class' for annotation type [org.springframework.test.context.ActiveProfiles] and class [top.leseul.springbootmybatisbase.MyTest]
16:43:31.820 [Test worker] DEBUG org.springframework.boot.test.context.SpringBootTestContextBootstrapper - @TestExecutionListeners is not present for class [top.leseul.springbootmybatisbase.MyTest]: using defaults.
16:43:31.820 [Test worker] INFO org.springframework.boot.test.context.SpringBootTestContextBootstrapper - Loaded default TestExecutionListener class names from location [META-INF/spring.factories]: [org.springframework.boot.test.autoconfigure.restdocs.RestDocsTestExecutionListener, org.springframework.boot.test.autoconfigure.web.client.MockRestServiceServerResetTestExecutionListener, org.springframework.boot.test.autoconfigure.web.servlet.MockMvcPrintOnlyOnFailureTestExecutionListener, org.springframework.boot.test.autoconfigure.web.servlet.WebDriverTestExecutionListener, org.springframework.boot.test.mock.mockito.MockitoTestExecutionListener, org.springframework.boot.test.mock.mockito.ResetMocksTestExecutionListener, org.springframework.test.context.web.ServletTestExecutionListener, org.springframework.test.context.support.DirtiesContextBeforeModesTestExecutionListener, org.springframework.test.context.support.DependencyInjectionTestExecutionListener, org.springframework.test.context.support.DirtiesContextTestExecutionListener, org.springframework.test.context.transaction.TransactionalTestExecutionListener, org.springframework.test.context.jdbc.SqlScriptsTestExecutionListener]
16:43:31.899 [Test worker] INFO org.springframework.boot.test.context.SpringBootTestContextBootstrapper - Using TestExecutionListeners: [org.springframework.test.context.web.ServletTestExecutionListener@4295f71d, org.springframework.test.context.support.DirtiesContextBeforeModesTestExecutionListener@44ea7cb4, org.springframework.boot.test.mock.mockito.MockitoTestExecutionListener@17d8bca5, org.springframework.boot.test.autoconfigure.SpringBootDependencyInjectionTestExecutionListener@259c9cfe, org.springframework.test.context.support.DirtiesContextTestExecutionListener@485caa4f, org.springframework.test.context.transaction.TransactionalTestExecutionListener@5f44602c, org.springframework.test.context.jdbc.SqlScriptsTestExecutionListener@d2bd2f5, org.springframework.boot.test.autoconfigure.restdocs.RestDocsTestExecutionListener@4c91d4c2, org.springframework.boot.test.autoconfigure.web.client.MockRestServiceServerResetTestExecutionListener@61b201cd, org.springframework.boot.test.autoconfigure.web.servlet.MockMvcPrintOnlyOnFailureTestExecutionListener@1d0b48d7, org.springframework.boot.test.autoconfigure.web.servlet.WebDriverTestExecutionListener@4e649df9, org.springframework.boot.test.mock.mockito.ResetMocksTestExecutionListener@c916733]
16:43:31.914 [Test worker] DEBUG org.springframework.test.annotation.ProfileValueUtils - Retrieved @ProfileValueSourceConfiguration [null] for test class [top.leseul.springbootmybatisbase.MyTest]
16:43:31.914 [Test worker] DEBUG org.springframework.test.annotation.ProfileValueUtils - Retrieved ProfileValueSource type [class org.springframework.test.annotation.SystemProfileValueSource] for class [top.leseul.springbootmybatisbase.MyTest]
16:43:31.914 [Test worker] DEBUG org.springframework.test.annotation.ProfileValueUtils - Retrieved @ProfileValueSourceConfiguration [null] for test class [top.leseul.springbootmybatisbase.MyTest]
16:43:31.914 [Test worker] DEBUG org.springframework.test.annotation.ProfileValueUtils - Retrieved ProfileValueSource type [class org.springframework.test.annotation.SystemProfileValueSource] for class [top.leseul.springbootmybatisbase.MyTest]
16:43:31.930 [Test worker] DEBUG org.springframework.test.context.support.AbstractDirtiesContextTestExecutionListener - Before test class: context [DefaultTestContext@5d4d78c3 testClass = MyTest, testInstance = [null], testMethod = [null], testException = [null], mergedContextConfiguration = [WebMergedContextConfiguration@48a418bc testClass = MyTest, locations = '{}', classes = '{class top.leseul.springbootmybatisbase.Application, class top.leseul.springbootmybatisbase.Application}', contextInitializerClasses = '[]', activeProfiles = '{}', propertySourceLocations = '{}', propertySourceProperties = '{org.springframework.boot.test.context.SpringBootTestContextBootstrapper=true, server.port=0}', contextCustomizers = set[org.springframework.boot.test.autoconfigure.properties.PropertyMappingContextCustomizer@0, org.springframework.boot.test.autoconfigure.web.servlet.WebDriverContextCustomizerFactory$Customizer@4a40b3e, org.springframework.boot.test.context.filter.ExcludeFilterContextCustomizer@46819fb6, org.springframework.boot.test.json.DuplicateJsonObjectContextCustomizerFactory$DuplicateJsonObjectContextCustomizer@55b1e, org.springframework.boot.test.mock.mockito.MockitoContextCustomizer@0, org.springframework.boot.test.web.client.TestRestTemplateContextCustomizer@51d96fe], resourceBasePath = 'src/main/webapp', contextLoader = 'org.springframework.boot.test.context.SpringBootContextLoader', parent = [null]], attributes = map['org.springframework.test.context.web.ServletTestExecutionListener.activateListener' -> false]], class annotated with @DirtiesContext [false] with mode [null].
16:43:31.930 [Test worker] DEBUG org.springframework.test.annotation.ProfileValueUtils - Retrieved @ProfileValueSourceConfiguration [null] for test class [top.leseul.springbootmybatisbase.MyTest]
16:43:31.930 [Test worker] DEBUG org.springframework.test.annotation.ProfileValueUtils - Retrieved ProfileValueSource type [class org.springframework.test.annotation.SystemProfileValueSource] for class [top.leseul.springbootmybatisbase.MyTest]
16:43:31.945 [Test worker] DEBUG org.springframework.test.context.support.DependencyInjectionTestExecutionListener - Performing dependency injection for test context [[DefaultTestContext@5d4d78c3 testClass = MyTest, testInstance = top.leseul.springbootmybatisbase.MyTest@f6c8dab, testMethod = [null], testException = [null], mergedContextConfiguration = [WebMergedContextConfiguration@48a418bc testClass = MyTest, locations = '{}', classes = '{class top.leseul.springbootmybatisbase.Application, class top.leseul.springbootmybatisbase.Application}', contextInitializerClasses = '[]', activeProfiles = '{}', propertySourceLocations = '{}', propertySourceProperties = '{org.springframework.boot.test.context.SpringBootTestContextBootstrapper=true, server.port=0}', contextCustomizers = set[org.springframework.boot.test.autoconfigure.properties.PropertyMappingContextCustomizer@0, org.springframework.boot.test.autoconfigure.web.servlet.WebDriverContextCustomizerFactory$Customizer@4a40b3e, org.springframework.boot.test.context.filter.ExcludeFilterContextCustomizer@46819fb6, org.springframework.boot.test.json.DuplicateJsonObjectContextCustomizerFactory$DuplicateJsonObjectContextCustomizer@55b1e, org.springframework.boot.test.mock.mockito.MockitoContextCustomizer@0, org.springframework.boot.test.web.client.TestRestTemplateContextCustomizer@51d96fe], resourceBasePath = 'src/main/webapp', contextLoader = 'org.springframework.boot.test.context.SpringBootContextLoader', parent = [null]], attributes = map['org.springframework.test.context.web.ServletTestExecutionListener.activateListener' -> false]]].
16:43:32.008 [Test worker] DEBUG org.springframework.core.env.StandardEnvironment - Adding PropertySource 'systemProperties' with lowest search precedence
16:43:32.008 [Test worker] DEBUG org.springframework.core.env.StandardEnvironment - Adding PropertySource 'systemEnvironment' with lowest search precedence
16:43:32.024 [Test worker] DEBUG org.springframework.core.env.StandardEnvironment - Initialized StandardEnvironment with PropertySources [MapPropertySource@1342973432 {name='systemProperties', properties={java.runtime.name=Java(TM) SE Runtime Environment, sun.boot.library.path=D:\MyDevelop\jdk8\jre\bin, java.vm.version=25.181-b13, java.vm.vendor=Oracle Corporation, java.vendor.url=http://java.oracle.com/, path.separator=;, java.vm.name=Java HotSpot(TM) 64-Bit Server VM, file.encoding.pkg=sun.io, user.script=, sun.java.launcher=SUN_STANDARD, user.country=CN, sun.os.patch.level=, java.vm.specification.name=Java Virtual Machine Specification, user.dir=C:\gitee\teach\BaseSpringBootProject, java.runtime.version=1.8.0_181-b13, java.awt.graphicsenv=sun.awt.Win32GraphicsEnvironment, java.endorsed.dirs=D:\MyDevelop\jdk8\jre\lib\endorsed, os.arch=amd64, java.io.tmpdir=C:\Users\xj\AppData\Local\Temp\, line.separator=
, java.vm.specification.vendor=Oracle Corporation, user.variant=, os.name=Windows 10, sun.jnu.encoding=GBK, java.library.path=D:\MyDevelop\jdk8\bin;C:\WINDOWS\Sun\Java\bin;C:\WINDOWS\system32;C:\WINDOWS;D:\MyDevelop\gradle-4.10.2\bin;D:\MyDevelop\jdk8\bin;C:\WINDOWS\system32;C:\WINDOWS;C:\WINDOWS\System32\Wbem;C:\WINDOWS\System32\WindowsPowerShell\v1.0\;C:\Program Files\Git\cmd;C:\Program Files\TortoiseGit\bin;C:\Program Files\nodejs\;C:\WINDOWS\System32\OpenSSH\;C:\Users\xj\AppData\Local\Microsoft\WindowsApps;;C:\leseul\Microsoft VS Code\bin;C:\Users\xj\AppData\Roaming\npm;., java.specification.name=Java Platform API Specification, java.class.version=52.0, org.gradle.native=false, sun.management.compiler=HotSpot 64-Bit Tiered Compilers, os.version=10.0, user.home=C:\Users\xj, user.timezone=Asia/Shanghai, java.awt.printerjob=sun.awt.windows.WPrinterJob, file.encoding=GBK, java.specification.version=1.8, java.class.path=C:\gitee\teach\BaseSpringBootProject\build\classes\java\test;C:\gitee\teach\BaseSpringBootProject\build\resources\test;C:\gitee\teach\BaseSpringBootProject\build\classes\java\main;C:\gitee\teach\BaseSpringBootProject\build\resources\main;D:\MyDevelop\gradle-user-home\caches\modules-2\files-2.1\org.springframework.boot\spring-boot-starter-web\2.0.6.RELEASE\e803fc341b450b2ce01734df12e5881b8e78c0a7\spring-boot-starter-web-2.0.6.RELEASE.jar;D:\MyDevelop\gradle-user-home\caches\modules-2\files-2.1\org.springframework.boot\spring-boot-devtools\2.0.6.RELEASE\bf47c37f19f4fdcbfd0237a220ac1ccf40768476\spring-boot-devtools-2.0.6.RELEASE.jar;D:\MyDevelop\gradle-user-home\caches\modules-2\files-2.1\com.github.pagehelper\pagehelper-spring-boot-starter\1.2.9\e9a7cb79d900fddade9d86d78d01b2eb4e8dcdb3\pagehelper-spring-boot-starter-1.2.9.jar;D:\MyDevelop\gradle-user-home\caches\modules-2\files-2.1\org.mybatis.spring.boot\mybatis-spring-boot-starter\1.3.2\cb6de087ae0d34b23ad0671aacdbcc433d84875f\mybatis-spring-boot-starter-1.3.2.jar;D:\MyDevelop\gradle-user-home\caches\modules-2\files-2.1\mysql\mysql-connector-java\8.0.12\8e201602cc1ddd145c4c74e67d4002d3d4b1796\mysql-connector-java-8.0.12.jar;D:\MyDevelop\gradle-user-home\caches\modules-2\files-2.1\com.alibaba\fastjson\1.2.49\b8f5baf6d1b47ce3f21c1bd77242cc7c95e22fee\fastjson-1.2.49.jar;D:\MyDevelop\gradle-user-home\caches\modules-2\files-2.1\org.springframework.boot\spring-boot-starter-aop\2.0.6.RELEASE\f3db2e05267686fd97af5460a155bac4298fab4d\spring-boot-starter-aop-2.0.6.RELEASE.jar;D:\MyDevelop\gradle-user-home\caches\modules-2\files-2.1\org.springframework.boot\spring-boot-starter-test\2.0.6.RELEASE\f92fd015cfc9a9bd6ae653dca8d4ec5b83d4ba00\spring-boot-starter-test-2.0.6.RELEASE.jar;D:\MyDevelop\gradle-user-home\caches\modules-2\files-2.1\org.springframework.boot\spring-boot-starter-json\2.0.6.RELEASE\1b3912af3eecdbbc6cda497acc7939f2ce21e39d\spring-boot-starter-json-2.0.6.RELEASE.jar;D:\MyDevelop\gradle-user-home\caches\modules-2\files-2.1\org.springframework.boot\spring-boot-starter-jdbc\2.0.6.RELEASE\5a65c8ce23562f18d70df947bffcd353e1ac2a41\spring-boot-starter-jdbc-2.0.6.RELEASE.jar;D:\MyDevelop\gradle-user-home\caches\modules-2\files-2.1\org.springframework.boot\spring-boot-starter\2.0.6.RELEASE\9d904a4387e076343a3478c32198ec7d9d633ff4\spring-boot-starter-2.0.6.RELEASE.jar;D:\MyDevelop\gradle-user-home\caches\modules-2\files-2.1\org.springframework.boot\spring-boot-starter-tomcat\2.0.6.RELEASE\64b22bc3d0ba734532e7cbe941354985f2a86242\spring-boot-starter-tomcat-2.0.6.RELEASE.jar;D:\MyDevelop\gradle-user-home\caches\modules-2\files-2.1\org.hibernate.validator\hibernate-validator\6.0.13.Final\af4232bf90ecd33c71147d67185dbb1cfe8f33df\hibernate-validator-6.0.13.Final.jar;D:\MyDevelop\gradle-user-home\caches\modules-2\files-2.1\org.springframework\spring-webmvc\5.0.10.RELEASE\88a601321e2b4e3b84eed0909c24b9dd8e453b5f\spring-webmvc-5.0.10.RELEASE.jar;D:\MyDevelop\gradle-user-home\caches\modules-2\files-2.1\org.springframework\spring-web\5.0.10.RELEASE\fbaaa53ec99f45fd7aaf9125beeb5c3388cce088\spring-web-5.0.10.RELEASE.jar;D:\MyDevelop\gradle-user-home\caches\modules-2\files-2.1\org.mybatis.spring.boot\mybatis-spring-boot-autoconfigure\1.3.2\cada00d6bb4e7b8a733b3cd376ad69a307008685\mybatis-spring-boot-autoconfigure-1.3.2.jar;D:\MyDevelop\gradle-user-home\caches\modules-2\files-2.1\com.github.pagehelper\pagehelper-spring-boot-autoconfigure\1.2.9\456fa24683245c90f77cb72693af9f59feb1924a\pagehelper-spring-boot-autoconfigure-1.2.9.jar;D:\MyDevelop\gradle-user-home\caches\modules-2\files-2.1\org.springframework.boot\spring-boot-test-autoconfigure\2.0.6.RELEASE\b0eb15474e795850dfa59b01ee6a83d7a39e3645\spring-boot-test-autoconfigure-2.0.6.RELEASE.jar;D:\MyDevelop\gradle-user-home\caches\modules-2\files-2.1\org.springframework.boot\spring-boot-autoconfigure\2.0.6.RELEASE\e8c88fd703dbdf79f94178a5018ad67d1ecb1d0d\spring-boot-autoconfigure-2.0.6.RELEASE.jar;D:\MyDevelop\gradle-user-home\caches\modules-2\files-2.1\org.springframework.boot\spring-boot-test\2.0.6.RELEASE\33a53ca6d55f35b3a89320c260262a5310ba8afc\spring-boot-test-2.0.6.RELEASE.jar;D:\MyDevelop\gradle-user-home\caches\modules-2\files-2.1\org.springframework.boot\spring-boot\2.0.6.RELEASE\4d214b08bbc74f03d404e8fc862102334e0f73d1\spring-boot-2.0.6.RELEASE.jar;D:\MyDevelop\gradle-user-home\caches\modules-2\files-2.1\org.mybatis\mybatis\3.4.6\a77a546f679533837f6c6a75c034b669f3ce6a2f\mybatis-3.4.6.jar;D:\MyDevelop\gradle-user-home\caches\modules-2\files-2.1\org.mybatis\mybatis-spring\1.3.2\fd9961cd026b1f6998be27c516973dd5366b14ec\mybatis-spring-1.3.2.jar;D:\MyDevelop\gradle-user-home\caches\modules-2\files-2.1\com.google.protobuf\protobuf-java\2.6.0\88ba32feefe385d5dc284b71f649201eabd15778\protobuf-java-2.6.0.jar;D:\MyDevelop\gradle-user-home\caches\modules-2\files-2.1\com.github.pagehelper\pagehelper\5.1.7\c6e08a33faa3099613655e73a8f8d68b8ada678a\pagehelper-5.1.7.jar;D:\MyDevelop\gradle-user-home\caches\modules-2\files-2.1\org.springframework\spring-context\5.0.10.RELEASE\6f53de0618219fefc2aebf92ba175e6b33e14ce0\spring-context-5.0.10.RELEASE.jar;D:\MyDevelop\gradle-user-home\caches\modules-2\files-2.1\org.springframework\spring-aop\5.0.10.RELEASE\da65874f61aef9c25db794f493e50683346d3056\spring-aop-5.0.10.RELEASE.jar;D:\MyDevelop\gradle-user-home\caches\modules-2\files-2.1\org.aspectj\aspectjweaver\1.8.13\ad94df2a28d658a40dc27bbaff6a1ce5fbf04e9b\aspectjweaver-1.8.13.jar;D:\MyDevelop\gradle-user-home\caches\modules-2\files-2.1\com.jayway.jsonpath\json-path\2.4.0\765a4401ceb2dc8d40553c2075eb80a8fa35c2ae\json-path-2.4.0.jar;D:\MyDevelop\gradle-user-home\caches\modules-2\files-2.1\junit\junit\4.12\2973d150c0dc1fefe998f834810d68f278ea58ec\junit-4.12.jar;D:\MyDevelop\gradle-user-home\caches\modules-2\files-2.1\org.assertj\assertj-core\3.9.1\c5ce126b15f28d56cd8f960c1a6a058b9c9aea87\assertj-core-3.9.1.jar;D:\MyDevelop\gradle-user-home\caches\modules-2\files-2.1\org.mockito\mockito-core\2.15.0\b84bfbbc29cd22c9529409627af6ea2897f4fa85\mockito-core-2.15.0.jar;D:\MyDevelop\gradle-user-home\caches\modules-2\files-2.1\org.hamcrest\hamcrest-library\1.3\4785a3c21320980282f9f33d0d1264a69040538f\hamcrest-library-1.3.jar;D:\MyDevelop\gradle-user-home\caches\modules-2\files-2.1\org.hamcrest\hamcrest-core\1.3\42a25dc3219429f0e5d060061f71acb49bf010a0\hamcrest-core-1.3.jar;D:\MyDevelop\gradle-user-home\caches\modules-2\files-2.1\org.skyscreamer\jsonassert\1.5.0\6c9d5fe2f59da598d9aefc1cfc6528ff3cf32df3\jsonassert-1.5.0.jar;D:\MyDevelop\gradle-user-home\caches\modules-2\files-2.1\org.springframework\spring-test\5.0.10.RELEASE\1d2d272073f36c689c693ec3ec94d7ad7e136a2e\spring-test-5.0.10.RELEASE.jar;D:\MyDevelop\gradle-user-home\caches\modules-2\files-2.1\org.springframework\spring-expression\5.0.10.RELEASE\eaf8595e3bf18ef1aca1c233d9871552d258e38a\spring-expression-5.0.10.RELEASE.jar;D:\MyDevelop\gradle-user-home\caches\modules-2\files-2.1\org.springframework\spring-jdbc\5.0.10.RELEASE\16ff6fad897185eb3fb01c58796de04b9b1e8c86\spring-jdbc-5.0.10.RELEASE.jar;D:\MyDevelop\gradle-user-home\caches\modules-2\files-2.1\org.springframework\spring-tx\5.0.10.RELEASE\55608ae84fde15eb942d675e3b1ee7d30394d4cb\spring-tx-5.0.10.RELEASE.jar;D:\MyDevelop\gradle-user-home\caches\modules-2\files-2.1\org.springframework\spring-beans\5.0.10.RELEASE\8ec7da928082a123c50d5d70cd4b46382db27e8b\spring-beans-5.0.10.RELEASE.jar;D:\MyDevelop\gradle-user-home\caches\modules-2\files-2.1\org.springframework\spring-core\5.0.10.RELEASE\cb270a60ceb573961588f511222984de64b4bc96\spring-core-5.0.10.RELEASE.jar;D:\MyDevelop\gradle-user-home\caches\modules-2\files-2.1\org.xmlunit\xmlunit-core\2.5.1\4ffdb346572a7356f7521cd3119ce5287d2e339d\xmlunit-core-2.5.1.jar;D:\MyDevelop\gradle-user-home\caches\modules-2\files-2.1\org.springframework.boot\spring-boot-starter-logging\2.0.6.RELEASE\a730d62c8eb80cdc95e5089e47570d24731cf5dd\spring-boot-starter-logging-2.0.6.RELEASE.jar;D:\MyDevelop\gradle-user-home\caches\modules-2\files-2.1\javax.annotation\javax.annotation-api\1.3.2\934c04d3cfef185a8008e7bf34331b79730a9d43\javax.annotation-api-1.3.2.jar;D:\MyDevelop\gradle-user-home\caches\modules-2\files-2.1\org.yaml\snakeyaml\1.19\2d998d3d674b172a588e54ab619854d073f555b5\snakeyaml-1.19.jar;D:\MyDevelop\gradle-user-home\caches\modules-2\files-2.1\com.fasterxml.jackson.datatype\jackson-datatype-jdk8\2.9.7\98d8f190db07f97c64c0ea3af5792f718a6c2cc1\jackson-datatype-jdk8-2.9.7.jar;D:\MyDevelop\gradle-user-home\caches\modules-2\files-2.1\com.fasterxml.jackson.datatype\jackson-datatype-jsr310\2.9.7\cbd919f1ce67533e07b98dd493247e8dbabc26b2\jackson-datatype-jsr310-2.9.7.jar;D:\MyDevelop\gradle-user-home\caches\modules-2\files-2.1\com.fasterxml.jackson.module\jackson-module-parameter-names\2.9.7\f2bdd7696beffa2dbc5dc62cd24c3906a40ffcff\jackson-module-parameter-names-2.9.7.jar;D:\MyDevelop\gradle-user-home\caches\modules-2\files-2.1\com.fasterxml.jackson.core\jackson-databind\2.9.7\e6faad47abd3179666e89068485a1b88a195ceb7\jackson-databind-2.9.7.jar;D:\MyDevelop\gradle-user-home\caches\modules-2\files-2.1\org.apache.tomcat.embed\tomcat-embed-websocket\8.5.34\5f86906367c2540b21e6aeecc277d2ce9ec939b0\tomcat-embed-websocket-8.5.34.jar;D:\MyDevelop\gradle-user-home\caches\modules-2\files-2.1\org.apache.tomcat.embed\tomcat-embed-core\8.5.34\a038040d68a90397f95dd1e11b979fe364a5000f\tomcat-embed-core-8.5.34.jar;D:\MyDevelop\gradle-user-home\caches\modules-2\files-2.1\org.apache.tomcat.embed\tomcat-embed-el\8.5.34\be71a9a5bdd001db7cf97c47429eec0bdd3b7b88\tomcat-embed-el-8.5.34.jar;D:\MyDevelop\gradle-user-home\caches\modules-2\files-2.1\javax.validation\validation-api\2.0.1.Final\cb855558e6271b1b32e716d24cb85c7f583ce09e\validation-api-2.0.1.Final.jar;D:\MyDevelop\gradle-user-home\caches\modules-2\files-2.1\org.jboss.logging\jboss-logging\3.3.2.Final\3789d00e859632e6c6206adc0c71625559e6e3b0\jboss-logging-3.3.2.Final.jar;D:\MyDevelop\gradle-user-home\caches\modules-2\files-2.1\com.fasterxml\classmate\1.3.4\3d5f48f10bbe4eb7bd862f10c0583be2e0053c6\classmate-1.3.4.jar;D:\MyDevelop\gradle-user-home\caches\modules-2\files-2.1\com.zaxxer\HikariCP\2.7.9\a83113d2c091d0d0f853dad3217bd7df3beb6ae3\HikariCP-2.7.9.jar;D:\MyDevelop\gradle-user-home\caches\modules-2\files-2.1\com.github.jsqlparser\jsqlparser\1.2\bc8a4e852bde9114b97fda9a3f73c8ae2b7748b9\jsqlparser-1.2.jar;D:\MyDevelop\gradle-user-home\caches\modules-2\files-2.1\net.minidev\json-smart\2.3\7396407491352ce4fa30de92efb158adb76b5b\json-smart-2.3.jar;D:\MyDevelop\gradle-user-home\caches\modules-2\files-2.1\ch.qos.logback\logback-classic\1.2.3\7c4f3c474fb2c041d8028740440937705ebb473a\logback-classic-1.2.3.jar;D:\MyDevelop\gradle-user-home\caches\modules-2\files-2.1\org.apache.logging.log4j\log4j-to-slf4j\2.10.0\f7e631ccf49cfc0aefa4a2a728da7d374c05bd3c\log4j-to-slf4j-2.10.0.jar;D:\MyDevelop\gradle-user-home\caches\modules-2\files-2.1\org.slf4j\jul-to-slf4j\1.7.25\af5364cd6679bfffb114f0dec8a157aaa283b76\jul-to-slf4j-1.7.25.jar;D:\MyDevelop\gradle-user-home\caches\modules-2\files-2.1\org.slf4j\slf4j-api\1.7.25\da76ca59f6a57ee3102f8f9bd9cee742973efa8a\slf4j-api-1.7.25.jar;D:\MyDevelop\gradle-user-home\caches\modules-2\files-2.1\net.bytebuddy\byte-buddy\1.7.11\f02857a4e2c66ccbe7aaad6100a0a6c461bce9b3\byte-buddy-1.7.11.jar;D:\MyDevelop\gradle-user-home\caches\modules-2\files-2.1\net.bytebuddy\byte-buddy-agent\1.7.11\b425a8933ca07edd03c6dbc8bc3b595fba9780de\byte-buddy-agent-1.7.11.jar;D:\MyDevelop\gradle-user-home\caches\modules-2\files-2.1\org.objenesis\objenesis\2.6\639033469776fd37c08358c6b92a4761feb2af4b\objenesis-2.6.jar;D:\MyDevelop\gradle-user-home\caches\modules-2\files-2.1\com.vaadin.external.google\android-json\0.0.20131108.vaadin1\fa26d351fe62a6a17f5cda1287c1c6110dec413f\android-json-0.0.20131108.vaadin1.jar;D:\MyDevelop\gradle-user-home\caches\modules-2\files-2.1\org.springframework\spring-jcl\5.0.10.RELEASE\8d6a766be91ae5613f2828eb9f77739a47ceb357\spring-jcl-5.0.10.RELEASE.jar;D:\MyDevelop\gradle-user-home\caches\modules-2\files-2.1\com.fasterxml.jackson.core\jackson-annotations\2.9.0\7c10d545325e3a6e72e06381afe469fd40eb701\jackson-annotations-2.9.0.jar;D:\MyDevelop\gradle-user-home\caches\modules-2\files-2.1\com.fasterxml.jackson.core\jackson-core\2.9.7\4b7f0e0dc527fab032e9800ed231080fdc3ac015\jackson-core-2.9.7.jar;D:\MyDevelop\gradle-user-home\caches\modules-2\files-2.1\net.minidev\accessors-smart\1.2\c592b500269bfde36096641b01238a8350f8aa31\accessors-smart-1.2.jar;D:\MyDevelop\gradle-user-home\caches\modules-2\files-2.1\ch.qos.logback\logback-core\1.2.3\864344400c3d4d92dfeb0a305dc87d953677c03c\logback-core-1.2.3.jar;D:\MyDevelop\gradle-user-home\caches\modules-2\files-2.1\org.apache.logging.log4j\log4j-api\2.10.0\fec5797a55b786184a537abd39c3fa1449d752d6\log4j-api-2.10.0.jar;D:\MyDevelop\gradle-user-home\caches\modules-2\files-2.1\org.ow2.asm\asm\5.0.4\da08b8cce7bbf903602a25a3a163ae252435795\asm-5.0.4.jar, user.name=leseul, java.vm.specification.version=1.8, sun.java.command=worker.org.gradle.process.internal.worker.GradleWorkerMain 'Gradle Test Executor 4', java.home=D:\MyDevelop\jdk8\jre, sun.arch.data.model=64, user.language=zh, java.specification.vendor=Oracle Corporation, awt.toolkit=sun.awt.windows.WToolkit, java.vm.info=mixed mode, java.version=1.8.0_181, java.ext.dirs=D:\MyDevelop\jdk8\jre\lib\ext;C:\WINDOWS\Sun\Java\lib\ext, sun.boot.class.path=D:\MyDevelop\jdk8\jre\lib\resources.jar;D:\MyDevelop\jdk8\jre\lib\rt.jar;D:\MyDevelop\jdk8\jre\lib\sunrsasign.jar;D:\MyDevelop\jdk8\jre\lib\jsse.jar;D:\MyDevelop\jdk8\jre\lib\jce.jar;D:\MyDevelop\jdk8\jre\lib\charsets.jar;D:\MyDevelop\jdk8\jre\lib\jfr.jar;D:\MyDevelop\jdk8\jre\classes, java.vendor=Oracle Corporation, org.gradle.test.worker=4, file.separator=\, java.vendor.url.bug=http://bugreport.sun.com/bugreport/, sun.io.unicode.encoding=UnicodeLittle, sun.cpu.endian=little, sun.desktop=windows, sun.cpu.isalist=amd64}}, SystemEnvironmentPropertySource@595259595 {name='systemEnvironment', properties={USERDOMAIN_ROAMINGPROFILE=DESKTOP-ME50KR6, PROCESSOR_LEVEL=6, SESSIONNAME=Console, ALLUSERSPROFILE=C:\ProgramData, PROCESSOR_ARCHITECTURE=AMD64, PSModulePath=C:\Program Files\WindowsPowerShell\Modules;C:\WINDOWS\system32\WindowsPowerShell\v1.0\Modules, SystemDrive=C:, DIRNAME=D:\MyDevelop\gradle-4.10.2\bin\, USERNAME=leseul, CMD_LINE_ARGS=build, ProgramFiles(x86)=C:\Program Files (x86), FPS_BROWSER_USER_PROFILE_STRING=Default, APP_HOME=D:\MyDevelop\gradle-4.10.2\bin\.., PATHEXT=.COM;.EXE;.BAT;.CMD;.VBS;.VBE;.JS;.JSE;.WSF;.WSH;.MSC, DriverData=C:\Windows\System32\Drivers\DriverData, ProgramData=C:\ProgramData, ProgramW6432=C:\Program Files, HOMEPATH=\Users\xj, PROCESSOR_IDENTIFIER=Intel64 Family 6 Model 61 Stepping 4, GenuineIntel, ProgramFiles=C:\Program Files, PUBLIC=C:\Users\Public, windir=C:\WINDOWS, =::=::\, _SKIP=2, LOCALAPPDATA=C:\Users\xj\AppData\Local, USERDOMAIN=DESKTOP-ME50KR6, FPS_BROWSER_APP_PROFILE_STRING=Internet Explorer, LOGONSERVER=\\DESKTOP-ME50KR6, JAVA_HOME=D:\MyDevelop\jdk8\, PROMPT=$P$G, GRADLE_HOME=D:\MyDevelop\gradle-4.10.2\, OneDrive=C:\Users\xj\OneDrive, =C:=C:\gitee\teach\BaseSpringBootProject, APPDATA=C:\Users\xj\AppData\Roaming, GRADLE_USER_HOME=D:\MyDevelop\gradle-user-home\, JAVA_EXE=D:\MyDevelop\jdk8\/bin/java.exe, CommonProgramFiles=C:\Program Files\Common Files, Path=D:\MyDevelop\gradle-4.10.2\bin;D:\MyDevelop\jdk8\bin;C:\WINDOWS\system32;C:\WINDOWS;C:\WINDOWS\System32\Wbem;C:\WINDOWS\System32\WindowsPowerShell\v1.0\;C:\Program Files\Git\cmd;C:\Program Files\TortoiseGit\bin;C:\Program Files\nodejs\;C:\WINDOWS\System32\OpenSSH\;C:\Users\xj\AppData\Local\Microsoft\WindowsApps;;C:\leseul\Microsoft VS Code\bin;C:\Users\xj\AppData\Roaming\npm, OS=Windows_NT, COMPUTERNAME=DESKTOP-ME50KR6, PROCESSOR_REVISION=3d04, CLASSPATH=D:\MyDevelop\gradle-4.10.2\bin\..\lib\gradle-launcher-4.10.2.jar, CommonProgramW6432=C:\Program Files\Common Files, ComSpec=C:\WINDOWS\system32\cmd.exe, APP_BASE_NAME=gradle, SystemRoot=C:\WINDOWS, TEMP=C:\Users\xj\AppData\Local\Temp, HOMEDRIVE=C:, USERPROFILE=C:\Users\xj, TMP=C:\Users\xj\AppData\Local\Temp, CommonProgramFiles(x86)=C:\Program Files (x86)\Common Files, NUMBER_OF_PROCESSORS=4}}]
16:43:32.024 [Test worker] DEBUG org.springframework.test.context.support.TestPropertySourceUtils - Adding inlined properties to environment: {spring.jmx.enabled=false, org.springframework.boot.test.context.SpringBootTestContextBootstrapper=true, server.port=0}
16:43:32.024 [Test worker] DEBUG org.springframework.core.env.StandardEnvironment - Adding PropertySource 'Inlined Test Properties' with highest search precedence

  .   ____          _            __ _ _
 /\\ / ___'_ __ _ _(_)_ __  __ _ \ \ \ \
( ( )\___ | '_ | '_| | '_ \/ _` | \ \ \ \
 \\/  ___)| |_)| | | | | || (_| |  ) ) ) )
  '  |____| .__|_| |_|_| |_\__, | / / / /
 =========|_|==============|___/=/_/_/_/
 :: Spring Boot ::        (v2.0.6.RELEASE)

08:43:33 [INFO ] t.l.springbootmybatisbase.MyTest
 	Starting MyTest on DESKTOP-ME50KR6 with PID 440 (started by leseul in C:\gitee\teach\BaseSpringBootProject)
08:43:33 [DEBUG] t.l.springbootmybatisbase.MyTest
 	Running with Spring Boot v2.0.6.RELEASE, Spring v5.0.10.RELEASE
08:43:33 [INFO ] t.l.springbootmybatisbase.MyTest
 	No active profile set, falling back to default profiles: default
08:43:33 [INFO ] o.s.b.w.s.c.AnnotationConfigServletWebServerApplicationContext
 	Refreshing org.springframework.boot.web.servlet.context.AnnotationConfigServletWebServerApplicationContext@59153c95: startup date [Tue Oct 30 16:43:33 CST 2018]; root of context hierarchy
08:43:38 [INFO ] o.s.b.w.e.tomcat.TomcatWebServer
 	Tomcat initialized with port(s): 0 (http)
08:43:38 [INFO ] o.a.catalina.core.StandardService
 	Starting service [Tomcat]
08:43:38 [INFO ] o.a.catalina.core.StandardEngine
 	Starting Servlet Engine: Apache Tomcat/8.5.34
08:43:38 [INFO ] o.a.c.core.AprLifecycleListener
 	The APR based Apache Tomcat Native library which allows optimal performance in production environments was not found on the java.library.path: [D:\MyDevelop\jdk8\bin;C:\WINDOWS\Sun\Java\bin;C:\WINDOWS\system32;C:\WINDOWS;D:\MyDevelop\gradle-4.10.2\bin;D:\MyDevelop\jdk8\bin;C:\WINDOWS\system32;C:\WINDOWS;C:\WINDOWS\System32\Wbem;C:\WINDOWS\System32\WindowsPowerShell\v1.0\;C:\Program Files\Git\cmd;C:\Program Files\TortoiseGit\bin;C:\Program Files\nodejs\;C:\WINDOWS\System32\OpenSSH\;C:\Users\xj\AppData\Local\Microsoft\WindowsApps;;C:\leseul\Microsoft VS Code\bin;C:\Users\xj\AppData\Roaming\npm;.]
08:43:38 [INFO ] o.a.c.c.C.[Tomcat].[localhost].[/]
 	Initializing Spring embedded WebApplicationContext
08:43:38 [INFO ] o.s.web.context.ContextLoader
 	Root WebApplicationContext: initialization completed in 5140 ms
08:43:38 [INFO ] o.s.b.w.s.ServletRegistrationBean
 	Servlet dispatcherServlet mapped to [/]
08:43:38 [INFO ] o.s.b.w.s.FilterRegistrationBean
 	Mapping filter: 'characterEncodingFilter' to: [/*]
08:43:38 [INFO ] o.s.b.w.s.FilterRegistrationBean
 	Mapping filter: 'hiddenHttpMethodFilter' to: [/*]
08:43:38 [INFO ] o.s.b.w.s.FilterRegistrationBean
 	Mapping filter: 'httpPutFormContentFilter' to: [/*]
08:43:38 [INFO ] o.s.b.w.s.FilterRegistrationBean
 	Mapping filter: 'requestContextFilter' to: [/*]
08:43:40 [INFO ] o.s.w.s.h.SimpleUrlHandlerMapping
 	Mapped URL path [/**/favicon.ico] onto handler of type [class org.springframework.web.servlet.resource.ResourceHttpRequestHandler]
08:43:41 [INFO ] o.s.w.s.m.m.a.RequestMappingHandlerAdapter
 	Looking for @ControllerAdvice: org.springframework.boot.web.servlet.context.AnnotationConfigServletWebServerApplicationContext@59153c95: startup date [Tue Oct 30 16:43:33 CST 2018]; root of context hierarchy
08:43:41 [INFO ] o.s.w.s.m.m.a.RequestMappingHandlerMapping
 	Mapped "{[/test/index]}" onto public top.leseul.springbootmybatisbase.utils.JsonMessage top.leseul.springbootmybatisbase.controller.TestController.index(top.leseul.springbootmybatisbase.model.TestModel) throws java.lang.Exception
08:43:41 [INFO ] o.s.w.s.m.m.a.RequestMappingHandlerMapping
 	Mapped "{[/test/imageCode]}" onto public top.leseul.springbootmybatisbase.utils.JsonMessage top.leseul.springbootmybatisbase.controller.TestOtherController.imageCode(top.leseul.springbootmybatisbase.model.TestModel) throws java.lang.Exception
08:43:41 [INFO ] o.s.w.s.m.m.a.RequestMappingHandlerMapping
 	Mapped "{[/test/tran]}" onto public top.leseul.springbootmybatisbase.utils.JsonMessage top.leseul.springbootmybatisbase.controller.TestOtherController.tran(top.leseul.springbootmybatisbase.model.TestModel) throws java.lang.Exception
08:43:41 [INFO ] o.s.w.s.m.m.a.RequestMappingHandlerMapping
 	Mapped "{[]}" onto public top.leseul.springbootmybatisbase.utils.JsonMessage top.leseul.springbootmybatisbase.controller.IndexController.index(top.leseul.springbootmybatisbase.model.IndexModel) throws java.lang.Exception
08:43:41 [INFO ] o.s.w.s.m.m.a.RequestMappingHandlerMapping
 	Mapped "{[/user/getUserInfo]}" onto public top.leseul.springbootmybatisbase.utils.JsonMessage top.leseul.springbootmybatisbase.controller.UserController.getUserInfo(top.leseul.springbootmybatisbase.model.UserModel) throws java.lang.Exception
08:43:41 [INFO ] o.s.w.s.m.m.a.RequestMappingHandlerMapping
 	Mapped "{[/user/login]}" onto public top.leseul.springbootmybatisbase.utils.JsonMessage top.leseul.springbootmybatisbase.controller.UserController.login(top.leseul.springbootmybatisbase.model.UserModel) throws java.lang.Exception
08:43:41 [INFO ] o.s.w.s.m.m.a.RequestMappingHandlerMapping
 	Mapped "{[/user/logout]}" onto public top.leseul.springbootmybatisbase.utils.JsonMessage top.leseul.springbootmybatisbase.controller.UserController.logout(top.leseul.springbootmybatisbase.model.UserModel) throws java.lang.Exception
08:43:41 [INFO ] o.s.w.s.m.m.a.RequestMappingHandlerMapping
 	Mapped "{[/util/validate.jpg]}" onto public void top.leseul.springbootmybatisbase.controller.UtilController.imageCode(top.leseul.springbootmybatisbase.model.UtilModel,javax.servlet.http.HttpServletResponse) throws java.lang.Exception
08:43:41 [INFO ] o.s.w.s.m.m.a.RequestMappingHandlerMapping
 	Mapped "{[/error]}" onto public org.springframework.http.ResponseEntity<java.util.Map<java.lang.String, java.lang.Object>> org.springframework.boot.autoconfigure.web.servlet.error.BasicErrorController.error(javax.servlet.http.HttpServletRequest)
08:43:41 [INFO ] o.s.w.s.m.m.a.RequestMappingHandlerMapping
 	Mapped "{[/error],produces=[text/html]}" onto public org.springframework.web.servlet.ModelAndView org.springframework.boot.autoconfigure.web.servlet.error.BasicErrorController.errorHtml(javax.servlet.http.HttpServletRequest,javax.servlet.http.HttpServletResponse)
08:43:41 [INFO ] o.s.w.s.m.m.a.ExceptionHandlerExceptionResolver
 	Detected @ExceptionHandler methods in myExceptionHandler
08:43:42 [INFO ] o.s.s.a.ScheduledAnnotationBeanPostProcessor
 	No TaskScheduler/ScheduledExecutorService bean found for scheduled processing
08:43:42 [INFO ] o.s.b.w.e.tomcat.TomcatWebServer
 	Tomcat started on port(s): 50504 (http) with context path ''
08:43:42 [INFO ] t.l.springbootmybatisbase.MyTest
 	Started MyTest in 10.484 seconds (JVM running for 13.212)
08:43:43 [INFO ] o.a.c.c.C.[Tomcat].[localhost].[/]
 	Initializing Spring FrameworkServlet 'dispatcherServlet'
08:43:43 [INFO ] o.s.web.servlet.DispatcherServlet
 	FrameworkServlet 'dispatcherServlet': initialization started
08:43:43 [INFO ] o.s.web.servlet.DispatcherServlet
 	FrameworkServlet 'dispatcherServlet': initialization completed in 78 ms
08:43:43 [DEBUG] t.l.s.aop.ControllerLogger
 	进入=================>JsonMessage top.leseul.springbootmybatisbase.controller.IndexController.index(IndexModel)
08:43:43 [DEBUG] t.l.s.aop.ControllerLogger
 	参数列表
08:43:43 [DEBUG] t.l.s.aop.ControllerLogger
 	{"top.leseul.springbootmybatisbase.model.IndexModel":{}}
08:43:43 [DEBUG] t.l.s.aop.ControllerToken
 	控制器切面token处理
08:43:43 [INFO ] com.zaxxer.hikari.HikariDataSource
 	HikariPool-1 - Starting...
08:43:43 [INFO ] com.zaxxer.hikari.HikariDataSource
 	HikariPool-1 - Start completed.
08:43:43 [DEBUG] t.l.s.dao.TbTokenDAO.addToken
 	==>  Preparing: insert into TbToken(token,lastupdate) values(?,now()) 
08:43:43 [DEBUG] t.l.s.dao.TbTokenDAO.addToken
 	==> Parameters: 3077fca8-3ec5-4e73-9ea6-951c084cf4c7(String)
08:43:43 [DEBUG] t.l.s.dao.TbTokenDAO.addToken
 	<==    Updates: 1
08:43:43 [DEBUG] t.l.s.aop.ControllerToken
 	token信息:{"top.leseul.springbootmybatisbase.entity.TbToken":{"token":"3077fca8-3ec5-4e73-9ea6-951c084cf4c7"}}
08:43:43 [DEBUG] t.l.s.aop.ControllerToken
 	处理top.leseul.springbootmybatisbase.controller.IndexController登录检查
08:43:43 [DEBUG] t.l.s.dao.UtilsDAO.queryTime
 	==>  Preparing: select now() 
08:43:43 [DEBUG] t.l.s.dao.UtilsDAO.queryTime
 	==> Parameters: 
08:43:43 [DEBUG] t.l.s.dao.UtilsDAO.queryTime
 	<==      Total: 1
08:43:43 [DEBUG] t.l.s.aop.ControllerLogger
 	%s执行完毕:%sJsonMessage top.leseul.springbootmybatisbase.controller.IndexController.index(IndexModel)
08:43:43 [DEBUG] t.l.s.aop.ControllerLogger
 	JsonMessage top.leseul.springbootmybatisbase.controller.IndexController.index(IndexModel)的返回值:{"top.leseul.springbootmybatisbase.utils.JsonMessage":{"code":200,"datas":{"now":1540889023000},"success":true,"token":"3077fca8-3ec5-4e73-9ea6-951c084cf4c7"}}
{"code":200,"datas":{"now":1540889023000},"success":true,"token":"3077fca8-3ec5-4e73-9ea6-951c084cf4c7"}
]]></system-out>
  <system-err><![CDATA[]]></system-err>
</testsuite>
